Performing C++ SOURCE FILE Test CMAKE_HAVE_LIBC_PTHREAD failed with the following output:
Change Dir: /host_share/jump_start_exp/flex-nlp/sim/sim_model/build/CMakeFiles/CMakeTmp

Run Build Command(s):/usr/bin/make cmTC_c5b7d/fast && /usr/bin/make  -f CMakeFiles/cmTC_c5b7d.dir/build.make CMakeFiles/cmTC_c5b7d.dir/build
make[1]: Entering directory '/host_share/jump_start_exp/flex-nlp/sim/sim_model/build/CMakeFiles/CMakeTmp'
Building CXX object CMakeFiles/cmTC_c5b7d.dir/src.cxx.o
/usr/bin/c++ -DCMAKE_HAVE_LIBC_PTHREAD  -O3  -std=c++11 -o CMakeFiles/cmTC_c5b7d.dir/src.cxx.o -c /host_share/jump_start_exp/flex-nlp/sim/sim_model/build/CMakeFiles/CMakeTmp/src.cxx
Linking CXX executable cmTC_c5b7d
/opt/cmake-3.19.0-rc2-Linux-x86_64/bin/cmake -E cmake_link_script CMakeFiles/cmTC_c5b7d.dir/link.txt --verbose=1
/usr/bin/c++ -O3  CMakeFiles/cmTC_c5b7d.dir/src.cxx.o -o cmTC_c5b7d 
CMakeFiles/cmTC_c5b7d.dir/src.cxx.o: In function `main':
src.cxx:(.text.startup+0x23): undefined reference to `pthread_create'
src.cxx:(.text.startup+0x2c): undefined reference to `pthread_detach'
src.cxx:(.text.startup+0x35): undefined reference to `pthread_cancel'
src.cxx:(.text.startup+0x40): undefined reference to `pthread_join'
src.cxx:(.text.startup+0x4b): undefined reference to `pthread_atfork'
collect2: error: ld returned 1 exit status
CMakeFiles/cmTC_c5b7d.dir/build.make:105: recipe for target 'cmTC_c5b7d' failed
make[1]: *** [cmTC_c5b7d] Error 1
make[1]: Leaving directory '/host_share/jump_start_exp/flex-nlp/sim/sim_model/build/CMakeFiles/CMakeTmp'
Makefile:140: recipe for target 'cmTC_c5b7d/fast' failed
make: *** [cmTC_c5b7d/fast] Error 2


Source file was:
#include <pthread.h>

static void* test_func(void* data)
{
  return data;
}

int main(void)
{
  pthread_t thread;
  pthread_create(&thread, NULL, test_func, NULL);
  pthread_detach(thread);
  pthread_cancel(thread);
  pthread_join(thread, NULL);
  pthread_atfork(NULL, NULL, NULL);
  pthread_exit(NULL);

  return 0;
}

